<?xml version="1.0" encoding="UTF-8"?>
<testng-results ignored="0" total="1" passed="1" failed="0" skipped="0">
  <reporter-output>
  </reporter-output>
  <suite started-at="2022-04-29T16:07:34 IST" name="Default suite" finished-at="2022-04-29T16:07:58 IST" duration-ms="24219">
    <groups>
    </groups>
    <test started-at="2022-04-29T16:07:34 IST" name="Default test" finished-at="2022-04-29T16:07:58 IST" duration-ms="24219">
      <class name="BHighlevelBases.B17_Ajaxcontrol">
        <test-method is-config="true" signature="beforeTest()[pri:0, instance:BHighlevelBases.B17_Ajaxcontrol@7ce3cb8e]" started-at="2022-04-29T16:07:34 IST" name="beforeTest" finished-at="2022-04-29T16:07:41 IST" duration-ms="7381" status="PASS">
          <reporter-output>
          </reporter-output>
        </test-method> <!-- beforeTest -->
        <test-method signature="clickable()[pri:0, instance:BHighlevelBases.B17_Ajaxcontrol@7ce3cb8e]" started-at="2022-04-29T16:07:41 IST" name="clickable" finished-at="2022-04-29T16:07:58 IST" duration-ms="16722" status="PASS">
          <reporter-output>
          </reporter-output>
        </test-method> <!-- clickable -->
        <test-method is-config="true" signature="afterTest()[pri:0, instance:BHighlevelBases.B17_Ajaxcontrol@7ce3cb8e]" started-at="2022-04-29T16:07:58 IST" name="afterTest" finished-at="2022-04-29T16:07:58 IST" duration-ms="1" status="PASS">
          <reporter-output>
          </reporter-output>
        </test-method> <!-- afterTest -->
      </class> <!-- BHighlevelBases.B17_Ajaxcontrol -->
    </test> <!-- Default test -->
  </suite> <!-- Default suite -->
</testng-results>
